<?xml version="1.0" encoding="UTF-8"?>
<!-- Generated by org.testng.reporters.JUnitReportReporter -->
<testsuite hostname="LAPTOP-98AO7AFU" failures="0" tests="1" name="com.facebook.PostStatus" time="9.489" errors="0" timestamp="2021-08-17T09:42:42 IST" skipped="0">
  <testcase classname="com.facebook.PostStatus" name="postingStatus" time="9.489"/>
</testsuite> <!-- com.facebook.PostStatus -->
